<?xml version="1.0" encoding="UTF-8"?>
<!-- Generated by org.testng.reporters.JUnitXMLReporter -->
<testsuite hostname="LAPTOP-NR1KSVT0" ignored="0" name="Command line test" tests="2" failures="0" timestamp="2021-04-03T19:23:46 IST" time="42.994" errors="0">
  <testcase name="executeTest" time="25.921" classname="com.raghib.pomwithoutpagefactory.GoogleSearchPageObjectsTest"/>
  <testcase name="executeTest" time="16.997" classname="com.raghib.pomwithoutpagefactory.GoogleSearchPageTest"/>
</testsuite> <!-- Command line test -->
