<?xml version="1.0" encoding="UTF-8"?>
<testng-results skipped="0" failed="0" ignored="0" total="2" passed="2">
  <reporter-output>
  </reporter-output>
  <suite name="Command line suite" duration-ms="42994" started-at="2021-04-03T19:23:02 IST" finished-at="2021-04-03T19:23:45 IST">
    <groups>
    </groups>
    <test name="Command line test" duration-ms="42994" started-at="2021-04-03T19:23:02 IST" finished-at="2021-04-03T19:23:45 IST">
      <class name="com.raghib.pomwithoutpagefactory.GoogleSearchPageTest">
        <test-method status="PASS" signature="executeTest()[pri:0, instance:com.raghib.pomwithoutpagefactory.GoogleSearchPageTest@57baeedf]" name="executeTest" duration-ms="16997" started-at="2021-04-03T19:23:28 IST" finished-at="2021-04-03T19:23:45 IST">
          <reporter-output>
          </reporter-output>
        </test-method> <!-- executeTest -->
      </class> <!-- com.raghib.pomwithoutpagefactory.GoogleSearchPageTest -->
      <class name="com.raghib.pomwithoutpagefactory.GoogleSearchPageObjectsTest">
        <test-method status="PASS" signature="executeTest()[pri:0, instance:com.raghib.pomwithoutpagefactory.GoogleSearchPageObjectsTest@42e26948]" name="executeTest" duration-ms="25921" started-at="2021-04-03T19:23:02 IST" finished-at="2021-04-03T19:23:28 IST">
          <reporter-output>
          </reporter-output>
        </test-method> <!-- executeTest -->
      </class> <!-- com.raghib.pomwithoutpagefactory.GoogleSearchPageObjectsTest -->
    </test> <!-- Command line test -->
  </suite> <!-- Command line suite -->
</testng-results>
