<?xml version="1.0" encoding="UTF-8"?>
<testng-results skipped="0" failed="0" ignored="0" total="1" passed="1">
  <reporter-output>
  </reporter-output>
  <suite name="Default suite" duration-ms="1038" started-at="2021-04-03T20:49:04 IST" finished-at="2021-04-03T20:49:05 IST">
    <groups>
    </groups>
    <test name="Default test" duration-ms="1038" started-at="2021-04-03T20:49:04 IST" finished-at="2021-04-03T20:49:05 IST">
      <class name="com.raghib.extentreport.ExtentReportDemo">
        <test-method status="PASS" signature="landingPage()[pri:0, instance:com.raghib.extentreport.ExtentReportDemo@26aa12dd]" name="landingPage" duration-ms="951" started-at="2021-04-03T20:49:04 IST" finished-at="2021-04-03T20:49:05 IST">
          <reporter-output>
          </reporter-output>
        </test-method> <!-- landingPage -->
      </class> <!-- com.raghib.extentreport.ExtentReportDemo -->
    </test> <!-- Default test -->
  </suite> <!-- Default suite -->
</testng-results>
