<?xml version="1.0" encoding="UTF-8"?>
<testng-results skipped="0" failed="0" ignored="0" total="2" passed="2">
  <reporter-output>
  </reporter-output>
  <suite name="Suite" duration-ms="31700" started-at="2021-04-03T19:25:32 IST" finished-at="2021-04-03T19:26:04 IST">
    <groups>
    </groups>
    <test name="Test" duration-ms="31700" started-at="2021-04-03T19:25:32 IST" finished-at="2021-04-03T19:26:04 IST">
      <class name="com.raghib.pomwithoutpagefactory.GoogleSearchPageTest">
        <test-method status="PASS" signature="executeTest()[pri:0, instance:com.raghib.pomwithoutpagefactory.GoogleSearchPageTest@67205a84]" name="executeTest" duration-ms="17261" started-at="2021-04-03T19:25:32 IST" finished-at="2021-04-03T19:25:50 IST">
          <reporter-output>
          </reporter-output>
        </test-method> <!-- executeTest -->
      </class> <!-- com.raghib.pomwithoutpagefactory.GoogleSearchPageTest -->
      <class name="com.raghib.pomwithoutpagefactory.GoogleSearchPageObjectsTest">
        <test-method status="PASS" signature="executeTest()[pri:0, instance:com.raghib.pomwithoutpagefactory.GoogleSearchPageObjectsTest@7d0587f1]" name="executeTest" duration-ms="14361" started-at="2021-04-03T19:25:50 IST" finished-at="2021-04-03T19:26:04 IST">
          <reporter-output>
          </reporter-output>
        </test-method> <!-- executeTest -->
      </class> <!-- com.raghib.pomwithoutpagefactory.GoogleSearchPageObjectsTest -->
    </test> <!-- Test -->
  </suite> <!-- Suite -->
</testng-results>
